2025-07-10 19:46:11,278 - __main__ - INFO - ğŸš€ ì „ì²´ í¬ë¡¤ë§ í”„ë¡œì„¸ìŠ¤ ì‹œì‘
2025-07-10 19:46:11,278 - __main__ - INFO - ğŸ“… í¬ë¡¤ë§ ëŒ€ìƒ ë‚ ì§œ: 2025-07-10
2025-07-10 19:46:11,278 - __main__ - INFO - â° ì‹œì‘ ì‹œê°„: 2025-07-10 19:46:11
2025-07-10 19:46:11,278 - crawling_view.controller.crawling_manager - INFO - ğŸš€ í¬ë¡¤ë§ í”„ë¡œì„¸ìŠ¤ ì‹œì‘
2025-07-10 19:46:11,278 - crawling_view.controller.crawling_manager - INFO - ğŸ“‹ 1ë‹¨ê³„: í¬ë¡¤ë§ ëŒ€ìƒ ë…¸ë˜ ì¡°íšŒ
2025-07-10 19:46:11,279 - crawling_view.data.song_service - INFO - ğŸ“… ê¸°ì¤€ ë‚ ì§œ: 2025-07-10
2025-07-10 19:46:11,295 - crawling_view.data.song_service - INFO - ğŸ” í™œì„± í¬ë¡¤ë§ ê¸°ê°„ì— í¬í•¨ëœ song_id ê°œìˆ˜: 0
2025-07-10 19:46:11,297 - crawling_view.controller.crawling_manager - ERROR - âŒ í¬ë¡¤ë§ í”„ë¡œì„¸ìŠ¤ ì‹¤íŒ¨: (1146, "Table 'streaming_db.song_info' doesn't exist")
Traceback (most recent call last):
  File "C:\Users\kim94\workspace\source\rhoonart\streaming_crawling\env\Lib\site-packages\django\db\backends\utils.py", line 89, in _execute
    return self.cursor.execute(sql, params)
           ~~~~~~~~~~~~~~~~~~~^^^^^^^^^^^^^
  File "C:\Users\kim94\workspace\source\rhoonart\streaming_crawling\env\Lib\site-packages\django\db\backends\mysql\base.py", line 75, in execute
    return self.cursor.execute(query, args)
           ~~~~~~~~~~~~~~~~~~~^^^^^^^^^^^^^
  File "C:\Users\kim94\workspace\source\rhoonart\streaming_crawling\env\Lib\site-packages\MySQLdb\cursors.py", line 179, in execute
    res = self._query(mogrified_query)
  File "C:\Users\kim94\workspace\source\rhoonart\streaming_crawling\env\Lib\site-packages\MySQLdb\cursors.py", line 330, in _query
    db.query(q)
    ~~~~~~~~^^^
  File "C:\Users\kim94\workspace\source\rhoonart\streaming_crawling\env\Lib\site-packages\MySQLdb\connections.py", line 280, in query
    _mysql.connection.query(self, query)
    ~~~~~~~~~~~~~~~~~~~~~~~^^^^^^^^^^^^^
MySQLdb.ProgrammingError: (1146, "Table 'streaming_db.song_info' doesn't exist")

The above exception was the direct cause of the following exception:

Traceback (most recent call last):
  File "C:\Users\kim94\workspace\source\rhoonart\streaming_crawling\crawling_view\controller\crawling_manager.py", line 34, in run_crawling
    active_songs = SongService.get_active_songs(target_date)
  File "C:\Users\kim94\workspace\source\rhoonart\streaming_crawling\crawling_view\data\song_service.py", line 46, in get_active_songs
    logger.info(f"ğŸµ í¬ë¡¤ë§ ëŒ€ìƒ ê³¡ ê°œìˆ˜: {len(active_songs)}")
                                           ~~~^^^^^^^^^^^^^^
  File "C:\Users\kim94\workspace\source\rhoonart\streaming_crawling\env\Lib\site-packages\django\db\models\query.py", line 380, in __len__
    self._fetch_all()
    ~~~~~~~~~~~~~~~^^
  File "C:\Users\kim94\workspace\source\rhoonart\streaming_crawling\env\Lib\site-packages\django\db\models\query.py", line 1881, in _fetch_all
    self._result_cache = list(self._iterable_class(self))
                         ~~~~^^^^^^^^^^^^^^^^^^^^^^^^^^^^
  File "C:\Users\kim94\workspace\source\rhoonart\streaming_crawling\env\Lib\site-packages\django\db\models\query.py", line 91, in __iter__
    results = compiler.execute_sql(
        chunked_fetch=self.chunked_fetch, chunk_size=self.chunk_size
    )
  File "C:\Users\kim94\workspace\source\rhoonart\streaming_crawling\env\Lib\site-packages\django\db\models\sql\compiler.py", line 1562, in execute_sql
    cursor.execute(sql, params)
    ~~~~~~~~~~~~~~^^^^^^^^^^^^^
  File "C:\Users\kim94\workspace\source\rhoonart\streaming_crawling\env\Lib\site-packages\django\db\backends\utils.py", line 102, in execute
    return super().execute(sql, params)
           ~~~~~~~~~~~~~~~^^^^^^^^^^^^^
  File "C:\Users\kim94\workspace\source\rhoonart\streaming_crawling\env\Lib\site-packages\django\db\backends\utils.py", line 67, in execute
    return self._execute_with_wrappers(
           ~~~~~~~~~~~~~~~~~~~~~~~~~~~^
        sql, params, many=False, executor=self._execute
        ^^^^^^^^^^^^^^^^^^^^^^^^^^^^^^^^^^^^^^^^^^^^^^^
    )
    ^
  File "C:\Users\kim94\workspace\source\rhoonart\streaming_crawling\env\Lib\site-packages\django\db\backends\utils.py", line 80, in _execute_with_wrappers
    return executor(sql, params, many, context)
  File "C:\Users\kim94\workspace\source\rhoonart\streaming_crawling\env\Lib\site-packages\django\db\backends\utils.py", line 84, in _execute
    with self.db.wrap_database_errors:
         ^^^^^^^^^^^^^^^^^^^^^^^^^^^^
  File "C:\Users\kim94\workspace\source\rhoonart\streaming_crawling\env\Lib\site-packages\django\db\utils.py", line 91, in __exit__
    raise dj_exc_value.with_traceback(traceback) from exc_value
  File "C:\Users\kim94\workspace\source\rhoonart\streaming_crawling\env\Lib\site-packages\django\db\backends\utils.py", line 89, in _execute
    return self.cursor.execute(sql, params)
           ~~~~~~~~~~~~~~~~~~~^^^^^^^^^^^^^
  File "C:\Users\kim94\workspace\source\rhoonart\streaming_crawling\env\Lib\site-packages\django\db\backends\mysql\base.py", line 75, in execute
    return self.cursor.execute(query, args)
           ~~~~~~~~~~~~~~~~~~~^^^^^^^^^^^^^
  File "C:\Users\kim94\workspace\source\rhoonart\streaming_crawling\env\Lib\site-packages\MySQLdb\cursors.py", line 179, in execute
    res = self._query(mogrified_query)
  File "C:\Users\kim94\workspace\source\rhoonart\streaming_crawling\env\Lib\site-packages\MySQLdb\cursors.py", line 330, in _query
    db.query(q)
    ~~~~~~~~^^^
  File "C:\Users\kim94\workspace\source\rhoonart\streaming_crawling\env\Lib\site-packages\MySQLdb\connections.py", line 280, in query
    _mysql.connection.query(self, query)
    ~~~~~~~~~~~~~~~~~~~~~~~^^^^^^^^^^^^^
django.db.utils.ProgrammingError: (1146, "Table 'streaming_db.song_info' doesn't exist")
2025-07-10 19:46:11,307 - __main__ - INFO - ================================================================================
2025-07-10 19:46:11,307 - __main__ - INFO - ğŸ“Š í¬ë¡¤ë§ ê²°ê³¼ ìƒì„¸ ë¶„ì„
2025-07-10 19:46:11,307 - __main__ - INFO - ================================================================================
2025-07-10 19:46:11,308 - __main__ - INFO - ğŸ“… ëŒ€ìƒ ë‚ ì§œ: None
2025-07-10 19:46:11,308 - __main__ - INFO - â° ì‹œì‘ ì‹œê°„: 2025-07-10 19:46:11
2025-07-10 19:46:11,308 - __main__ - INFO - â° ì¢…ë£Œ ì‹œê°„: 2025-07-10 19:46:11
2025-07-10 19:46:11,308 - __main__ - INFO - â±ï¸  ì´ ì‹¤í–‰ ì‹œê°„: 0.03ì´ˆ (0.00ë¶„)
2025-07-10 19:46:11,308 - __main__ - ERROR - âŒ í¬ë¡¤ë§ ì‹¤íŒ¨: ì•Œ ìˆ˜ ì—†ëŠ” ì˜¤ë¥˜
2025-07-10 19:46:11,308 - __main__ - INFO - ================================================================================
