2025-07-10 19:46:11,278 - __main__ - INFO - 🚀 전체 크롤링 프로세스 시작
2025-07-10 19:46:11,278 - __main__ - INFO - 📅 크롤링 대상 날짜: 2025-07-10
2025-07-10 19:46:11,278 - __main__ - INFO - ⏰ 시작 시간: 2025-07-10 19:46:11
2025-07-10 19:46:11,278 - crawling_view.controller.crawling_manager - INFO - 🚀 크롤링 프로세스 시작
2025-07-10 19:46:11,278 - crawling_view.controller.crawling_manager - INFO - 📋 1단계: 크롤링 대상 노래 조회
2025-07-10 19:46:11,279 - crawling_view.data.song_service - INFO - 📅 기준 날짜: 2025-07-10
2025-07-10 19:46:11,295 - crawling_view.data.song_service - INFO - 🔍 활성 크롤링 기간에 포함된 song_id 개수: 0
2025-07-10 19:46:11,297 - crawling_view.controller.crawling_manager - ERROR - ❌ 크롤링 프로세스 실패: (1146, "Table 'streaming_db.song_info' doesn't exist")
Traceback (most recent call last):
  File "C:\Users\kim94\workspace\source\rhoonart\streaming_crawling\env\Lib\site-packages\django\db\backends\utils.py", line 89, in _execute
    return self.cursor.execute(sql, params)
           ~~~~~~~~~~~~~~~~~~~^^^^^^^^^^^^^
  File "C:\Users\kim94\workspace\source\rhoonart\streaming_crawling\env\Lib\site-packages\django\db\backends\mysql\base.py", line 75, in execute
    return self.cursor.execute(query, args)
           ~~~~~~~~~~~~~~~~~~~^^^^^^^^^^^^^
  File "C:\Users\kim94\workspace\source\rhoonart\streaming_crawling\env\Lib\site-packages\MySQLdb\cursors.py", line 179, in execute
    res = self._query(mogrified_query)
  File "C:\Users\kim94\workspace\source\rhoonart\streaming_crawling\env\Lib\site-packages\MySQLdb\cursors.py", line 330, in _query
    db.query(q)
    ~~~~~~~~^^^
  File "C:\Users\kim94\workspace\source\rhoonart\streaming_crawling\env\Lib\site-packages\MySQLdb\connections.py", line 280, in query
    _mysql.connection.query(self, query)
    ~~~~~~~~~~~~~~~~~~~~~~~^^^^^^^^^^^^^
MySQLdb.ProgrammingError: (1146, "Table 'streaming_db.song_info' doesn't exist")

The above exception was the direct cause of the following exception:

Traceback (most recent call last):
  File "C:\Users\kim94\workspace\source\rhoonart\streaming_crawling\crawling_view\controller\crawling_manager.py", line 34, in run_crawling
    active_songs = SongService.get_active_songs(target_date)
  File "C:\Users\kim94\workspace\source\rhoonart\streaming_crawling\crawling_view\data\song_service.py", line 46, in get_active_songs
    logger.info(f"🎵 크롤링 대상 곡 개수: {len(active_songs)}")
                                           ~~~^^^^^^^^^^^^^^
  File "C:\Users\kim94\workspace\source\rhoonart\streaming_crawling\env\Lib\site-packages\django\db\models\query.py", line 380, in __len__
    self._fetch_all()
    ~~~~~~~~~~~~~~~^^
  File "C:\Users\kim94\workspace\source\rhoonart\streaming_crawling\env\Lib\site-packages\django\db\models\query.py", line 1881, in _fetch_all
    self._result_cache = list(self._iterable_class(self))
                         ~~~~^^^^^^^^^^^^^^^^^^^^^^^^^^^^
  File "C:\Users\kim94\workspace\source\rhoonart\streaming_crawling\env\Lib\site-packages\django\db\models\query.py", line 91, in __iter__
    results = compiler.execute_sql(
        chunked_fetch=self.chunked_fetch, chunk_size=self.chunk_size
    )
  File "C:\Users\kim94\workspace\source\rhoonart\streaming_crawling\env\Lib\site-packages\django\db\models\sql\compiler.py", line 1562, in execute_sql
    cursor.execute(sql, params)
    ~~~~~~~~~~~~~~^^^^^^^^^^^^^
  File "C:\Users\kim94\workspace\source\rhoonart\streaming_crawling\env\Lib\site-packages\django\db\backends\utils.py", line 102, in execute
    return super().execute(sql, params)
           ~~~~~~~~~~~~~~~^^^^^^^^^^^^^
  File "C:\Users\kim94\workspace\source\rhoonart\streaming_crawling\env\Lib\site-packages\django\db\backends\utils.py", line 67, in execute
    return self._execute_with_wrappers(
           ~~~~~~~~~~~~~~~~~~~~~~~~~~~^
        sql, params, many=False, executor=self._execute
        ^^^^^^^^^^^^^^^^^^^^^^^^^^^^^^^^^^^^^^^^^^^^^^^
    )
    ^
  File "C:\Users\kim94\workspace\source\rhoonart\streaming_crawling\env\Lib\site-packages\django\db\backends\utils.py", line 80, in _execute_with_wrappers
    return executor(sql, params, many, context)
  File "C:\Users\kim94\workspace\source\rhoonart\streaming_crawling\env\Lib\site-packages\django\db\backends\utils.py", line 84, in _execute
    with self.db.wrap_database_errors:
         ^^^^^^^^^^^^^^^^^^^^^^^^^^^^
  File "C:\Users\kim94\workspace\source\rhoonart\streaming_crawling\env\Lib\site-packages\django\db\utils.py", line 91, in __exit__
    raise dj_exc_value.with_traceback(traceback) from exc_value
  File "C:\Users\kim94\workspace\source\rhoonart\streaming_crawling\env\Lib\site-packages\django\db\backends\utils.py", line 89, in _execute
    return self.cursor.execute(sql, params)
           ~~~~~~~~~~~~~~~~~~~^^^^^^^^^^^^^
  File "C:\Users\kim94\workspace\source\rhoonart\streaming_crawling\env\Lib\site-packages\django\db\backends\mysql\base.py", line 75, in execute
    return self.cursor.execute(query, args)
           ~~~~~~~~~~~~~~~~~~~^^^^^^^^^^^^^
  File "C:\Users\kim94\workspace\source\rhoonart\streaming_crawling\env\Lib\site-packages\MySQLdb\cursors.py", line 179, in execute
    res = self._query(mogrified_query)
  File "C:\Users\kim94\workspace\source\rhoonart\streaming_crawling\env\Lib\site-packages\MySQLdb\cursors.py", line 330, in _query
    db.query(q)
    ~~~~~~~~^^^
  File "C:\Users\kim94\workspace\source\rhoonart\streaming_crawling\env\Lib\site-packages\MySQLdb\connections.py", line 280, in query
    _mysql.connection.query(self, query)
    ~~~~~~~~~~~~~~~~~~~~~~~^^^^^^^^^^^^^
django.db.utils.ProgrammingError: (1146, "Table 'streaming_db.song_info' doesn't exist")
2025-07-10 19:46:11,307 - __main__ - INFO - ================================================================================
2025-07-10 19:46:11,307 - __main__ - INFO - 📊 크롤링 결과 상세 분석
2025-07-10 19:46:11,307 - __main__ - INFO - ================================================================================
2025-07-10 19:46:11,308 - __main__ - INFO - 📅 대상 날짜: None
2025-07-10 19:46:11,308 - __main__ - INFO - ⏰ 시작 시간: 2025-07-10 19:46:11
2025-07-10 19:46:11,308 - __main__ - INFO - ⏰ 종료 시간: 2025-07-10 19:46:11
2025-07-10 19:46:11,308 - __main__ - INFO - ⏱️  총 실행 시간: 0.03초 (0.00분)
2025-07-10 19:46:11,308 - __main__ - ERROR - ❌ 크롤링 실패: 알 수 없는 오류
2025-07-10 19:46:11,308 - __main__ - INFO - ================================================================================
