2025-07-09 05:06:41,033 - __main__ - INFO - ğŸš€ ì „ì²´ í¬ë¡¤ë§ í”„ë¡œì„¸ìŠ¤ ì‹œì‘
2025-07-09 05:06:41,034 - __main__ - INFO - ğŸ“… í¬ë¡¤ë§ ëŒ€ìƒ ë‚ ì§œ: 2025-07-09
2025-07-09 05:06:41,034 - __main__ - INFO - â° ì‹œì‘ ì‹œê°„: 2025-07-09 05:06:41
2025-07-09 05:06:41,035 - crawling_view.controller.crawling_manager - INFO - ğŸš€ í¬ë¡¤ë§ í”„ë¡œì„¸ìŠ¤ ì‹œì‘
2025-07-09 05:06:41,035 - crawling_view.controller.crawling_manager - INFO - ğŸ“‹ 1ë‹¨ê³„: í¬ë¡¤ë§ ëŒ€ìƒ ë…¸ë˜ ì¡°íšŒ
2025-07-09 05:06:41,036 - crawling_view.data.song_service - INFO - ğŸ“… ê¸°ì¤€ ë‚ ì§œ: 2025-07-09
2025-07-09 05:06:41,041 - crawling_view.controller.crawling_manager - ERROR - âŒ í¬ë¡¤ë§ í”„ë¡œì„¸ìŠ¤ ì‹¤íŒ¨: (2002, "Can't connect to local MySQL server through socket '/var/run/mysqld/mysqld.sock' (2)")
Traceback (most recent call last):
  File "/usr/local/lib/python3.10/dist-packages/django/db/backends/base/base.py", line 288, in ensure_connection
    self.connect()
  File "/usr/local/lib/python3.10/dist-packages/django/utils/asyncio.py", line 26, in inner
    return func(*args, **kwargs)
  File "/usr/local/lib/python3.10/dist-packages/django/db/backends/base/base.py", line 269, in connect
    self.connection = self.get_new_connection(conn_params)
  File "/usr/local/lib/python3.10/dist-packages/django/utils/asyncio.py", line 26, in inner
    return func(*args, **kwargs)
  File "/usr/local/lib/python3.10/dist-packages/django/db/backends/mysql/base.py", line 247, in get_new_connection
    connection = Database.connect(**conn_params)
  File "/usr/local/lib/python3.10/dist-packages/MySQLdb/__init__.py", line 123, in Connect
    return Connection(*args, **kwargs)
  File "/usr/local/lib/python3.10/dist-packages/MySQLdb/connections.py", line 185, in __init__
    super().__init__(*args, **kwargs2)
MySQLdb.OperationalError: (2002, "Can't connect to local MySQL server through socket '/var/run/mysqld/mysqld.sock' (2)")

The above exception was the direct cause of the following exception:

Traceback (most recent call last):
  File "/app/crawling_view/controller/crawling_manager.py", line 34, in run_crawling
    active_songs = SongService.get_active_songs(target_date)
  File "/app/crawling_view/data/song_service.py", line 39, in get_active_songs
    logger.info(f"ğŸ” í™œì„± í¬ë¡¤ë§ ê¸°ê°„ì— í¬í•¨ëœ song_id ê°œìˆ˜: {len(active_periods)}")
  File "/usr/local/lib/python3.10/dist-packages/django/db/models/query.py", line 380, in __len__
    self._fetch_all()
  File "/usr/local/lib/python3.10/dist-packages/django/db/models/query.py", line 1881, in _fetch_all
    self._result_cache = list(self._iterable_class(self))
  File "/usr/local/lib/python3.10/dist-packages/django/db/models/query.py", line 285, in __iter__
    for row in compiler.results_iter(
  File "/usr/local/lib/python3.10/dist-packages/django/db/models/sql/compiler.py", line 1513, in results_iter
    results = self.execute_sql(
  File "/usr/local/lib/python3.10/dist-packages/django/db/models/sql/compiler.py", line 1560, in execute_sql
    cursor = self.connection.cursor()
  File "/usr/local/lib/python3.10/dist-packages/django/utils/asyncio.py", line 26, in inner
    return func(*args, **kwargs)
  File "/usr/local/lib/python3.10/dist-packages/django/db/backends/base/base.py", line 329, in cursor
    return self._cursor()
  File "/usr/local/lib/python3.10/dist-packages/django/db/backends/base/base.py", line 305, in _cursor
    self.ensure_connection()
  File "/usr/local/lib/python3.10/dist-packages/django/utils/asyncio.py", line 26, in inner
    return func(*args, **kwargs)
  File "/usr/local/lib/python3.10/dist-packages/django/db/backends/base/base.py", line 287, in ensure_connection
    with self.wrap_database_errors:
  File "/usr/local/lib/python3.10/dist-packages/django/db/utils.py", line 91, in __exit__
    raise dj_exc_value.with_traceback(traceback) from exc_value
  File "/usr/local/lib/python3.10/dist-packages/django/db/backends/base/base.py", line 288, in ensure_connection
    self.connect()
  File "/usr/local/lib/python3.10/dist-packages/django/utils/asyncio.py", line 26, in inner
    return func(*args, **kwargs)
  File "/usr/local/lib/python3.10/dist-packages/django/db/backends/base/base.py", line 269, in connect
    self.connection = self.get_new_connection(conn_params)
  File "/usr/local/lib/python3.10/dist-packages/django/utils/asyncio.py", line 26, in inner
    return func(*args, **kwargs)
  File "/usr/local/lib/python3.10/dist-packages/django/db/backends/mysql/base.py", line 247, in get_new_connection
    connection = Database.connect(**conn_params)
  File "/usr/local/lib/python3.10/dist-packages/MySQLdb/__init__.py", line 123, in Connect
    return Connection(*args, **kwargs)
  File "/usr/local/lib/python3.10/dist-packages/MySQLdb/connections.py", line 185, in __init__
    super().__init__(*args, **kwargs2)
django.db.utils.OperationalError: (2002, "Can't connect to local MySQL server through socket '/var/run/mysqld/mysqld.sock' (2)")
2025-07-09 05:06:41,047 - __main__ - INFO - ================================================================================
2025-07-09 05:06:41,047 - __main__ - INFO - ğŸ“Š í¬ë¡¤ë§ ê²°ê³¼ ìƒì„¸ ë¶„ì„
2025-07-09 05:06:41,047 - __main__ - INFO - ================================================================================
2025-07-09 05:06:41,048 - __main__ - INFO - ğŸ“… ëŒ€ìƒ ë‚ ì§œ: None
2025-07-09 05:06:41,048 - __main__ - INFO - â° ì‹œì‘ ì‹œê°„: 2025-07-09 05:06:41
2025-07-09 05:06:41,048 - __main__ - INFO - â° ì¢…ë£Œ ì‹œê°„: 2025-07-09 05:06:41
2025-07-09 05:06:41,049 - __main__ - INFO - â±ï¸  ì´ ì‹¤í–‰ ì‹œê°„: 0.01ì´ˆ (0.00ë¶„)
2025-07-09 05:06:41,049 - __main__ - ERROR - âŒ í¬ë¡¤ë§ ì‹¤íŒ¨: ì•Œ ìˆ˜ ì—†ëŠ” ì˜¤ë¥˜
2025-07-09 05:06:41,049 - __main__ - INFO - ================================================================================
